d:\documents\game projects\fightinggame\fightinggame\x64\release\vc142.pdb
d:\documents\game projects\fightinggame\fightinggame\x64\release\object.nativecodeanalysis.sarif
d:\documents\game projects\fightinggame\fightinggame\x64\release\object.nativecodeanalysis.xml
d:\documents\game projects\fightinggame\fightinggame\x64\release\networkmodule.nativecodeanalysis.sarif
d:\documents\game projects\fightinggame\fightinggame\x64\release\networkmodule.nativecodeanalysis.xml
d:\documents\game projects\fightinggame\fightinggame\x64\release\meshasset.nativecodeanalysis.sarif
d:\documents\game projects\fightinggame\fightinggame\x64\release\meshasset.nativecodeanalysis.xml
d:\documents\game projects\fightinggame\fightinggame\x64\release\mesh.nativecodeanalysis.sarif
d:\documents\game projects\fightinggame\fightinggame\x64\release\mesh.nativecodeanalysis.xml
d:\documents\game projects\fightinggame\fightinggame\x64\release\master.nativecodeanalysis.sarif
d:\documents\game projects\fightinggame\fightinggame\x64\release\master.nativecodeanalysis.xml
d:\documents\game projects\fightinggame\fightinggame\x64\release\main.nativecodeanalysis.sarif
d:\documents\game projects\fightinggame\fightinggame\x64\release\main.nativecodeanalysis.xml
d:\documents\game projects\fightinggame\fightinggame\x64\release\lightmanager.nativecodeanalysis.sarif
d:\documents\game projects\fightinggame\fightinggame\x64\release\lightmanager.nativecodeanalysis.xml
d:\documents\game projects\fightinggame\fightinggame\x64\release\lightcomponent.nativecodeanalysis.sarif
d:\documents\game projects\fightinggame\fightinggame\x64\release\lightcomponent.nativecodeanalysis.xml
d:\documents\game projects\fightinggame\fightinggame\x64\release\graphicsobject.nativecodeanalysis.sarif
d:\documents\game projects\fightinggame\fightinggame\x64\release\graphicsobject.nativecodeanalysis.xml
d:\documents\game projects\fightinggame\fightinggame\x64\release\graphicsmodule.nativecodeanalysis.sarif
d:\documents\game projects\fightinggame\fightinggame\x64\release\graphicsmodule.nativecodeanalysis.xml
d:\documents\game projects\fightinggame\fightinggame\x64\release\graphicscomponent.nativecodeanalysis.sarif
d:\documents\game projects\fightinggame\fightinggame\x64\release\graphicscomponent.nativecodeanalysis.xml
d:\documents\game projects\fightinggame\fightinggame\x64\release\gamestate.nativecodeanalysis.sarif
d:\documents\game projects\fightinggame\fightinggame\x64\release\gamestate.nativecodeanalysis.xml
d:\documents\game projects\fightinggame\fightinggame\x64\release\game.nativecodeanalysis.sarif
d:\documents\game projects\fightinggame\fightinggame\x64\release\game.nativecodeanalysis.xml
d:\documents\game projects\fightinggame\fightinggame\x64\release\dirlightcomponent.nativecodeanalysis.sarif
d:\documents\game projects\fightinggame\fightinggame\x64\release\dirlightcomponent.nativecodeanalysis.xml
d:\documents\game projects\fightinggame\fightinggame\x64\release\component.nativecodeanalysis.sarif
d:\documents\game projects\fightinggame\fightinggame\x64\release\component.nativecodeanalysis.xml
d:\documents\game projects\fightinggame\fightinggame\x64\release\camera.nativecodeanalysis.sarif
d:\documents\game projects\fightinggame\fightinggame\x64\release\camera.nativecodeanalysis.xml
d:\documents\game projects\fightinggame\fightinggame\x64\release\audiomodule.nativecodeanalysis.sarif
d:\documents\game projects\fightinggame\fightinggame\x64\release\audiomodule.nativecodeanalysis.xml
d:\documents\game projects\fightinggame\fightinggame\x64\release\assetmanager.nativecodeanalysis.sarif
d:\documents\game projects\fightinggame\fightinggame\x64\release\assetmanager.nativecodeanalysis.xml
d:\documents\game projects\fightinggame\fightinggame\x64\release\asset.nativecodeanalysis.sarif
d:\documents\game projects\fightinggame\fightinggame\x64\release\asset.nativecodeanalysis.xml
d:\documents\game projects\fightinggame\fightinggame\x64\release\actor.nativecodeanalysis.sarif
d:\documents\game projects\fightinggame\fightinggame\x64\release\actor.nativecodeanalysis.xml
d:\documents\game projects\fightinggame\fightinggame\x64\release\actor.obj
d:\documents\game projects\fightinggame\fightinggame\x64\release\asset.obj
d:\documents\game projects\fightinggame\fightinggame\x64\release\assetmanager.obj
d:\documents\game projects\fightinggame\fightinggame\x64\release\audiomodule.obj
d:\documents\game projects\fightinggame\fightinggame\x64\release\camera.obj
d:\documents\game projects\fightinggame\fightinggame\x64\release\component.obj
d:\documents\game projects\fightinggame\fightinggame\x64\release\dirlightcomponent.obj
d:\documents\game projects\fightinggame\fightinggame\x64\release\game.obj
d:\documents\game projects\fightinggame\fightinggame\x64\release\gamestate.obj
d:\documents\game projects\fightinggame\fightinggame\x64\release\graphicscomponent.obj
d:\documents\game projects\fightinggame\fightinggame\x64\release\graphicsmodule.obj
d:\documents\game projects\fightinggame\fightinggame\x64\release\graphicsobject.obj
d:\documents\game projects\fightinggame\fightinggame\x64\release\lightcomponent.obj
d:\documents\game projects\fightinggame\fightinggame\x64\release\lightmanager.obj
d:\documents\game projects\fightinggame\fightinggame\x64\release\main.obj
d:\documents\game projects\fightinggame\fightinggame\x64\release\master.obj
d:\documents\game projects\fightinggame\fightinggame\x64\release\mesh.obj
d:\documents\game projects\fightinggame\fightinggame\x64\release\meshasset.obj
d:\documents\game projects\fightinggame\fightinggame\x64\release\networkmodule.obj
d:\documents\game projects\fightinggame\fightinggame\x64\release\object.obj
d:\documents\game projects\fightinggame\fightinggame\x64\release\textureasset.nativecodeanalysis.sarif
d:\documents\game projects\fightinggame\fightinggame\x64\release\textureasset.nativecodeanalysis.xml
d:\documents\game projects\fightinggame\fightinggame\x64\release\staticmodelcomponent.nativecodeanalysis.sarif
d:\documents\game projects\fightinggame\fightinggame\x64\release\staticmodelcomponent.nativecodeanalysis.xml
d:\documents\game projects\fightinggame\fightinggame\x64\release\staticmodelasset.nativecodeanalysis.sarif
d:\documents\game projects\fightinggame\fightinggame\x64\release\staticmodelasset.nativecodeanalysis.xml
d:\documents\game projects\fightinggame\fightinggame\x64\release\skin.nativecodeanalysis.sarif
d:\documents\game projects\fightinggame\fightinggame\x64\release\skin.nativecodeanalysis.xml
d:\documents\game projects\fightinggame\fightinggame\x64\release\primitiveasset.nativecodeanalysis.sarif
d:\documents\game projects\fightinggame\fightinggame\x64\release\primitiveasset.nativecodeanalysis.xml
d:\documents\game projects\fightinggame\fightinggame\x64\release\esp5cf4.tmp
d:\documents\game projects\fightinggame\fightinggame\x64\release\fightinggame.tlog\cl.command.1.tlog
d:\documents\game projects\fightinggame\fightinggame\x64\release\fightinggame.tlog\cl.read.1.tlog
d:\documents\game projects\fightinggame\fightinggame\x64\release\fightinggame.tlog\cl.write.1.tlog
